<?xml version="1.0" encoding="UTF-8"?>
<testng-results ignored="0" total="9" passed="8" failed="1" skipped="0">
  <reporter-output>
  </reporter-output>
  <suite started-at="2024-02-08T14:53:02 IST" name="Free CRM Application" finished-at="2024-02-08T14:58:07 IST" duration-ms="304995">
    <groups>
    </groups>
    <test started-at="2024-02-08T14:53:02 IST" name="Free crm App test case" finished-at="2024-02-08T14:58:07 IST" duration-ms="304995">
      <class name="com.crm.qa.Testcase.HomePageTest">
        <test-method is-config="true" signature="setUp()[pri:0, instance:com.crm.qa.Testcase.HomePageTest@1e0b4072]" started-at="2024-02-08T14:53:02 IST" name="setUp" finished-at="2024-02-08T14:53:30 IST" duration-ms="28280" status="PASS">
          <reporter-output>
          </reporter-output>
        </test-method> <!-- setUp -->
        <test-method signature="HomepageTitleTest()[pri:1, instance:com.crm.qa.Testcase.HomePageTest@1e0b4072]" started-at="2024-02-08T14:53:30 IST" name="HomepageTitleTest" finished-at="2024-02-08T14:53:30 IST" duration-ms="66" status="PASS">
          <reporter-output>
          </reporter-output>
        </test-method> <!-- HomepageTitleTest -->
        <test-method is-config="true" signature="tearDown()[pri:0, instance:com.crm.qa.Testcase.HomePageTest@1e0b4072]" started-at="2024-02-08T14:53:30 IST" name="tearDown" finished-at="2024-02-08T14:53:34 IST" duration-ms="4001" status="PASS">
          <reporter-output>
          </reporter-output>
        </test-method> <!-- tearDown -->
        <test-method is-config="true" signature="setUp()[pri:0, instance:com.crm.qa.Testcase.HomePageTest@1e0b4072]" started-at="2024-02-08T14:53:34 IST" name="setUp" finished-at="2024-02-08T14:53:46 IST" duration-ms="11883" status="PASS">
          <reporter-output>
          </reporter-output>
        </test-method> <!-- setUp -->
        <test-method signature="TestingLinkTest()[pri:2, instance:com.crm.qa.Testcase.HomePageTest@1e0b4072]" started-at="2024-02-08T14:53:46 IST" name="TestingLinkTest" finished-at="2024-02-08T14:53:46 IST" duration-ms="135" status="PASS">
          <reporter-output>
          </reporter-output>
        </test-method> <!-- TestingLinkTest -->
        <test-method is-config="true" signature="tearDown()[pri:0, instance:com.crm.qa.Testcase.HomePageTest@1e0b4072]" started-at="2024-02-08T14:53:46 IST" name="tearDown" finished-at="2024-02-08T14:53:51 IST" duration-ms="4375" status="PASS">
          <reporter-output>
          </reporter-output>
        </test-method> <!-- tearDown -->
        <test-method is-config="true" signature="setUp()[pri:0, instance:com.crm.qa.Testcase.HomePageTest@1e0b4072]" started-at="2024-02-08T14:53:51 IST" name="setUp" finished-at="2024-02-08T14:54:17 IST" duration-ms="26269" status="PASS">
          <reporter-output>
          </reporter-output>
        </test-method> <!-- setUp -->
        <test-method signature="SeleniumgpageTest()[pri:3, instance:com.crm.qa.Testcase.HomePageTest@1e0b4072]" started-at="2024-02-08T14:54:17 IST" name="SeleniumgpageTest" finished-at="2024-02-08T14:55:42 IST" duration-ms="85126" status="FAIL">
          <exception class="org.openqa.selenium.TimeoutException">
            <message>
              <![CDATA[timeout: Timed out receiving message from renderer: 20.000
  (Session info: chrome=109.0.5414.168)
Build info: version: '4.16.1', revision: '9b4c83354e'
System info: os.name: 'Windows 8.1', os.arch: 'amd64', os.version: '6.3', java.version: '17.0.9'
Driver info: org.openqa.selenium.chrome.ChromeDriver
Command: [052abea0264c2ef3becb92c465f2f627, clickElement {id=a4e1511d-f764-4514-9404-a29cb63ebd48}]
Capabilities {acceptInsecureCerts: false, browserName: chrome, browserVersion: 109.0.5414.168, chrome: {chromedriverVersion: 109.0.5414.74 (e7c5703604da..., userDataDir: C:\Users\DipakB\AppData\Loc...}, goog:chromeOptions: {debuggerAddress: localhost:62175}, networkConnectionEnabled: false, pageLoadStrategy: normal, platformName: windows, proxy: Proxy(), se:cdp: ws://localhost:62175/devtoo..., se:cdpVersion: 109.0.5414.168, setWindowRect: true, strictFileInteractability: false, timeouts: {implicit: 0, pageLoad: 300000, script: 30000}, unhandledPromptBehavior: dismiss and notify, webauthn:extension:credBlob: true, webauthn:extension:largeBlob: true, webauthn:virtualAuthenticators: true}
Element: [[ChromeDriver: chrome on windows (052abea0264c2ef3becb92c465f2f627)] -> xpath: //tbody/tr[1]/td[2]/a[1]/img[1]]
Session ID: 052abea0264c2ef3becb92c465f2f627]]>
            </message>
            <full-stacktrace>
              <![CDATA[org.openqa.selenium.TimeoutException: timeout: Timed out receiving message from renderer: 20.000
  (Session info: chrome=109.0.5414.168)
Build info: version: '4.16.1', revision: '9b4c83354e'
System info: os.name: 'Windows 8.1', os.arch: 'amd64', os.version: '6.3', java.version: '17.0.9'
Driver info: org.openqa.selenium.chrome.ChromeDriver
Command: [052abea0264c2ef3becb92c465f2f627, clickElement {id=a4e1511d-f764-4514-9404-a29cb63ebd48}]
Capabilities {acceptInsecureCerts: false, browserName: chrome, browserVersion: 109.0.5414.168, chrome: {chromedriverVersion: 109.0.5414.74 (e7c5703604da..., userDataDir: C:\Users\DipakB\AppData\Loc...}, goog:chromeOptions: {debuggerAddress: localhost:62175}, networkConnectionEnabled: false, pageLoadStrategy: normal, platformName: windows, proxy: Proxy(), se:cdp: ws://localhost:62175/devtoo..., se:cdpVersion: 109.0.5414.168, setWindowRect: true, strictFileInteractability: false, timeouts: {implicit: 0, pageLoad: 300000, script: 30000}, unhandledPromptBehavior: dismiss and notify, webauthn:extension:credBlob: true, webauthn:extension:largeBlob: true, webauthn:virtualAuthenticators: true}
Element: [[ChromeDriver: chrome on windows (052abea0264c2ef3becb92c465f2f627)] -> xpath: //tbody/tr[1]/td[2]/a[1]/img[1]]
Session ID: 052abea0264c2ef3becb92c465f2f627
at java.base/jdk.internal.reflect.NativeConstructorAccessorImpl.newInstance0(Native Method)
at java.base/jdk.internal.reflect.NativeConstructorAccessorImpl.newInstance(NativeConstructorAccessorImpl.java:77)
at java.base/jdk.internal.reflect.DelegatingConstructorAccessorImpl.newInstance(DelegatingConstructorAccessorImpl.java:45)
at java.base/java.lang.reflect.Constructor.newInstanceWithCaller(Constructor.java:499)
at java.base/java.lang.reflect.Constructor.newInstance(Constructor.java:480)
at org.openqa.selenium.remote.codec.w3c.W3CHttpResponseCodec.createException(W3CHttpResponseCodec.java:200)
at org.openqa.selenium.remote.codec.w3c.W3CHttpResponseCodec.decode(W3CHttpResponseCodec.java:133)
at org.openqa.selenium.remote.codec.w3c.W3CHttpResponseCodec.decode(W3CHttpResponseCodec.java:52)
at org.openqa.selenium.remote.HttpCommandExecutor.execute(HttpCommandExecutor.java:191)
at org.openqa.selenium.remote.service.DriverCommandExecutor.invokeExecute(DriverCommandExecutor.java:200)
at org.openqa.selenium.remote.service.DriverCommandExecutor.execute(DriverCommandExecutor.java:175)
at org.openqa.selenium.remote.RemoteWebDriver.execute(RemoteWebDriver.java:523)
at org.openqa.selenium.remote.RemoteWebElement.execute(RemoteWebElement.java:224)
at org.openqa.selenium.remote.RemoteWebElement.click(RemoteWebElement.java:77)
at java.base/jdk.internal.reflect.NativeMethodAccessorImpl.invoke0(Native Method)
at java.base/jdk.internal.reflect.NativeMethodAccessorImpl.invoke(NativeMethodAccessorImpl.java:77)
at java.base/jdk.internal.reflect.DelegatingMethodAccessorImpl.invoke(DelegatingMethodAccessorImpl.java:43)
at java.base/java.lang.reflect.Method.invoke(Method.java:568)
at org.openqa.selenium.support.pagefactory.internal.LocatingElementHandler.invoke(LocatingElementHandler.java:51)
at jdk.proxy2/jdk.proxy2.$Proxy12.click(Unknown Source)
at com.crm.qa.pages.Homepage.ClickSeleniumlink(Homepage.java:45)
at com.crm.qa.Testcase.HomePageTest.SeleniumgpageTest(HomePageTest.java:53)
at java.base/jdk.internal.reflect.NativeMethodAccessorImpl.invoke0(Native Method)
at java.base/jdk.internal.reflect.NativeMethodAccessorImpl.invoke(NativeMethodAccessorImpl.java:77)
at java.base/jdk.internal.reflect.DelegatingMethodAccessorImpl.invoke(DelegatingMethodAccessorImpl.java:43)
at java.base/java.lang.reflect.Method.invoke(Method.java:568)
at org.testng.internal.invokers.MethodInvocationHelper.invokeMethod(MethodInvocationHelper.java:139)
at org.testng.internal.invokers.TestInvoker.invokeMethod(TestInvoker.java:664)
at org.testng.internal.invokers.TestInvoker.invokeTestMethod(TestInvoker.java:228)
at org.testng.internal.invokers.MethodRunner.runInSequence(MethodRunner.java:63)
at org.testng.internal.invokers.TestInvoker$MethodInvocationAgent.invoke(TestInvoker.java:961)
at org.testng.internal.invokers.TestInvoker.invokeTestMethods(TestInvoker.java:201)
at org.testng.internal.invokers.TestMethodWorker.invokeTestMethods(TestMethodWorker.java:148)
at org.testng.internal.invokers.TestMethodWorker.run(TestMethodWorker.java:128)
at java.base/java.util.ArrayList.forEach(ArrayList.java:1511)
at org.testng.TestRunner.privateRun(TestRunner.java:819)
at org.testng.TestRunner.run(TestRunner.java:619)
at org.testng.SuiteRunner.runTest(SuiteRunner.java:443)
at org.testng.SuiteRunner.runSequentially(SuiteRunner.java:437)
at org.testng.SuiteRunner.privateRun(SuiteRunner.java:397)
at org.testng.SuiteRunner.run(SuiteRunner.java:336)
at org.testng.SuiteRunnerWorker.runSuite(SuiteRunnerWorker.java:52)
at org.testng.SuiteRunnerWorker.run(SuiteRunnerWorker.java:95)
at org.testng.TestNG.runSuitesSequentially(TestNG.java:1301)
at org.testng.TestNG.runSuitesLocally(TestNG.java:1228)
at org.testng.TestNG.runSuites(TestNG.java:1134)
at org.testng.TestNG.run(TestNG.java:1101)
at org.testng.remote.AbstractRemoteTestNG.run(AbstractRemoteTestNG.java:115)
at org.testng.remote.RemoteTestNG.initAndRun(RemoteTestNG.java:251)
at org.testng.remote.RemoteTestNG.main(RemoteTestNG.java:77)
]]>
            </full-stacktrace>
          </exception> <!-- org.openqa.selenium.TimeoutException -->
          <reporter-output>
          </reporter-output>
        </test-method> <!-- SeleniumgpageTest -->
        <test-method is-config="true" signature="tearDown()[pri:0, instance:com.crm.qa.Testcase.HomePageTest@1e0b4072]" started-at="2024-02-08T14:55:42 IST" name="tearDown" finished-at="2024-02-08T14:56:03 IST" duration-ms="21027" status="PASS">
          <reporter-output>
          </reporter-output>
        </test-method> <!-- tearDown -->
        <test-method is-config="true" signature="setUp()[pri:0, instance:com.crm.qa.Testcase.HomePageTest@1e0b4072]" started-at="2024-02-08T14:56:03 IST" name="setUp" finished-at="2024-02-08T14:56:25 IST" duration-ms="22443" status="PASS">
          <reporter-output>
          </reporter-output>
        </test-method> <!-- setUp -->
        <test-method signature="InsurancepageTest()[pri:4, instance:com.crm.qa.Testcase.HomePageTest@1e0b4072]" started-at="2024-02-08T14:56:25 IST" name="InsurancepageTest" finished-at="2024-02-08T14:56:28 IST" duration-ms="2938" status="PASS">
          <reporter-output>
          </reporter-output>
        </test-method> <!-- InsurancepageTest -->
        <test-method is-config="true" signature="tearDown()[pri:0, instance:com.crm.qa.Testcase.HomePageTest@1e0b4072]" started-at="2024-02-08T14:56:28 IST" name="tearDown" finished-at="2024-02-08T14:56:35 IST" duration-ms="7052" status="PASS">
          <reporter-output>
          </reporter-output>
        </test-method> <!-- tearDown -->
        <test-method is-config="true" signature="setUp()[pri:0, instance:com.crm.qa.Testcase.HomePageTest@1e0b4072]" started-at="2024-02-08T14:56:35 IST" name="setUp" finished-at="2024-02-08T14:56:50 IST" duration-ms="14705" status="PASS">
          <reporter-output>
          </reporter-output>
        </test-method> <!-- setUp -->
        <test-method signature="EditCustomerPageTest()[pri:5, instance:com.crm.qa.Testcase.HomePageTest@1e0b4072]" started-at="2024-02-08T14:56:50 IST" name="EditCustomerPageTest" finished-at="2024-02-08T14:56:51 IST" duration-ms="966" status="PASS">
          <reporter-output>
          </reporter-output>
        </test-method> <!-- EditCustomerPageTest -->
        <test-method is-config="true" signature="tearDown()[pri:0, instance:com.crm.qa.Testcase.HomePageTest@1e0b4072]" started-at="2024-02-08T14:56:51 IST" name="tearDown" finished-at="2024-02-08T14:56:54 IST" duration-ms="3030" status="PASS">
          <reporter-output>
          </reporter-output>
        </test-method> <!-- tearDown -->
        <test-method is-config="true" signature="setUp()[pri:0, instance:com.crm.qa.Testcase.HomePageTest@1e0b4072]" started-at="2024-02-08T14:56:54 IST" name="setUp" finished-at="2024-02-08T14:57:08 IST" duration-ms="14274" status="PASS">
          <reporter-output>
          </reporter-output>
        </test-method> <!-- setUp -->
        <test-method signature="NewAccountPageTest()[pri:6, instance:com.crm.qa.Testcase.HomePageTest@1e0b4072]" started-at="2024-02-08T14:57:08 IST" name="NewAccountPageTest" finished-at="2024-02-08T14:57:09 IST" duration-ms="763" status="PASS">
          <reporter-output>
          </reporter-output>
        </test-method> <!-- NewAccountPageTest -->
        <test-method is-config="true" signature="tearDown()[pri:0, instance:com.crm.qa.Testcase.HomePageTest@1e0b4072]" started-at="2024-02-08T14:57:09 IST" name="tearDown" finished-at="2024-02-08T14:57:10 IST" duration-ms="1187" status="PASS">
          <reporter-output>
          </reporter-output>
        </test-method> <!-- tearDown -->
      </class> <!-- com.crm.qa.Testcase.HomePageTest -->
      <class name="com.crm.qa.Testcase.LoginPsgrtest">
        <test-method is-config="true" signature="setUp()[pri:0, instance:com.crm.qa.Testcase.LoginPsgrtest@793f29ff]" started-at="2024-02-08T14:57:10 IST" name="setUp" finished-at="2024-02-08T14:57:24 IST" duration-ms="13737" status="PASS">
          <reporter-output>
          </reporter-output>
        </test-method> <!-- setUp -->
        <test-method signature="loginPagetitleTest()[pri:1, instance:com.crm.qa.Testcase.LoginPsgrtest@793f29ff]" started-at="2024-02-08T14:57:24 IST" name="loginPagetitleTest" finished-at="2024-02-08T14:57:24 IST" duration-ms="29" status="PASS">
          <reporter-output>
          </reporter-output>
        </test-method> <!-- loginPagetitleTest -->
        <test-method is-config="true" signature="tearDown()[pri:0, instance:com.crm.qa.Testcase.LoginPsgrtest@793f29ff]" started-at="2024-02-08T14:57:24 IST" name="tearDown" finished-at="2024-02-08T14:57:28 IST" duration-ms="3456" status="PASS">
          <reporter-output>
          </reporter-output>
        </test-method> <!-- tearDown -->
        <test-method is-config="true" signature="setUp()[pri:0, instance:com.crm.qa.Testcase.LoginPsgrtest@793f29ff]" started-at="2024-02-08T14:57:28 IST" name="setUp" finished-at="2024-02-08T14:57:49 IST" duration-ms="21151" status="PASS">
          <reporter-output>
          </reporter-output>
        </test-method> <!-- setUp -->
        <test-method signature="GuruLogopageTest()[pri:2, instance:com.crm.qa.Testcase.LoginPsgrtest@793f29ff]" started-at="2024-02-08T14:57:49 IST" name="GuruLogopageTest" finished-at="2024-02-08T14:57:49 IST" duration-ms="760" status="PASS">
          <reporter-output>
          </reporter-output>
        </test-method> <!-- GuruLogopageTest -->
        <test-method is-config="true" signature="tearDown()[pri:0, instance:com.crm.qa.Testcase.LoginPsgrtest@793f29ff]" started-at="2024-02-08T14:57:49 IST" name="tearDown" finished-at="2024-02-08T14:57:54 IST" duration-ms="4105" status="PASS">
          <reporter-output>
          </reporter-output>
        </test-method> <!-- tearDown -->
        <test-method is-config="true" signature="setUp()[pri:0, instance:com.crm.qa.Testcase.LoginPsgrtest@793f29ff]" started-at="2024-02-08T14:57:54 IST" name="setUp" finished-at="2024-02-08T14:58:03 IST" duration-ms="9239" status="PASS">
          <reporter-output>
          </reporter-output>
        </test-method> <!-- setUp -->
        <test-method signature="Logintest()[pri:3, instance:com.crm.qa.Testcase.LoginPsgrtest@793f29ff]" started-at="2024-02-08T14:58:03 IST" name="Logintest" finished-at="2024-02-08T14:58:05 IST" duration-ms="2071" status="PASS">
          <reporter-output>
          </reporter-output>
        </test-method> <!-- Logintest -->
        <test-method is-config="true" signature="tearDown()[pri:0, instance:com.crm.qa.Testcase.LoginPsgrtest@793f29ff]" started-at="2024-02-08T14:58:05 IST" name="tearDown" finished-at="2024-02-08T14:58:07 IST" duration-ms="1738" status="PASS">
          <reporter-output>
          </reporter-output>
        </test-method> <!-- tearDown -->
      </class> <!-- com.crm.qa.Testcase.LoginPsgrtest -->
    </test> <!-- Free crm App test case -->
  </suite> <!-- Free CRM Application -->
</testng-results>
